Using pre-set license
Built from '2020.3/staging' branch; Version is '2020.3.5f1 (8095aa901b9b) revision 8426922'; Using compiler version '192528614'; Build Type 'Release'
OS: 'Windows 10 Pro; OS build 19044.1706; Version 2009; 64bit' Language: 'en' Physical Memory: 16300 MB
BatchMode: 1, IsHumanControllingUs: 0, StartBugReporterOnCrash: 0, Is64bit: 1, IsPro: 0

 COMMAND LINE ARGUMENTS:
D:\Programas\Unity\Editors\2020.3.5f1\Editor\Unity.exe
-adb2
-batchMode
-noUpm
-name
AssetImportWorker0
-projectPath
D:/Archivos Fran/UNITY STUFF/Projects/SpookyPuzzle/SpookyPuzzle
-logFile
Logs/AssetImportWorker0.log
-srvPort
59089
Successfully changed project path to: D:/Archivos Fran/UNITY STUFF/Projects/SpookyPuzzle/SpookyPuzzle
D:/Archivos Fran/UNITY STUFF/Projects/SpookyPuzzle/SpookyPuzzle
Using Asset Import Pipeline V2.
Refreshing native plugins compatible for Editor in 23.99 ms, found 0 plugins.
Preloading 0 native plugins for Editor in 0.00 ms.
Initialize engine version: 2020.3.5f1 (8095aa901b9b)
[Subsystems] Discovering subsystems at path D:/Programas/Unity/Editors/2020.3.5f1/Editor/Data/Resources/UnitySubsystems
[Subsystems] Discovering subsystems at path D:/Archivos Fran/UNITY STUFF/Projects/SpookyPuzzle/SpookyPuzzle/Assets
GfxDevice: creating device client; threaded=0
Direct3D:
    Version:  Direct3D 11.0 [level 11.1]
    Renderer: NVIDIA GeForce GTX 1060 6GB (ID=0x1c03)
    Vendor:   
    VRAM:     6052 MB
    Driver:   27.21.14.5671
Initialize mono
Mono path[0] = 'D:/Programas/Unity/Editors/2020.3.5f1/Editor/Data/Managed'
Mono path[1] = 'D:/Programas/Unity/Editors/2020.3.5f1/Editor/Data/MonoBleedingEdge/lib/mono/unityjit'
Mono config path = 'D:/Programas/Unity/Editors/2020.3.5f1/Editor/Data/MonoBleedingEdge/etc'
Using monoOptions --debugger-agent=transport=dt_socket,embedding=1,server=y,suspend=n,address=127.0.0.1:56564
Begin MonoManager ReloadAssembly
Registering precompiled unity dll's ...
Register platform support module: D:/Programas/Unity/Editors/2020.3.5f1/Editor/Data/PlaybackEngines/WebGLSupport/UnityEditor.WebGL.Extensions.dll
Register platform support module: D:/Programas/Unity/Editors/2020.3.5f1/Editor/Data/PlaybackEngines/WindowsStandaloneSupport/UnityEditor.WindowsStandalone.Extensions.dll
Registered in 0.005704 seconds.
Native extension for WindowsStandalone target not found
Native extension for WebGL target not found
Refreshing native plugins compatible for Editor in 23.46 ms, found 0 plugins.
Preloading 0 native plugins for Editor in 0.00 ms.
Mono: successfully reloaded assembly
- Completed reload, in  1.481 seconds
Platform modules already initialized, skipping
Registering precompiled user dll's ...
Registered in 0.001137 seconds.
Begin MonoManager ReloadAssembly
Native extension for WindowsStandalone target not found
Native extension for WebGL target not found
Refreshing native plugins compatible for Editor in 0.21 ms, found 0 plugins.
Preloading 0 native plugins for Editor in 0.00 ms.
Mono: successfully reloaded assembly
- Completed reload, in  0.952 seconds
Platform modules already initialized, skipping
========================================================================
Worker process is ready to serve import requests
Launched and connected shader compiler UnityShaderCompiler.exe after 0.05 seconds
Refreshing native plugins compatible for Editor in 0.25 ms, found 0 plugins.
Preloading 0 native plugins for Editor in 0.00 ms.
Unloading 1114 Unused Serialized files (Serialized files now loaded: 0)
System memory in use before: 57.1 MB.
System memory in use after: 57.2 MB.

Unloading 9 unused Assets to reduce memory usage. Loaded Objects now: 1557.
Total: 1.672600 ms (FindLiveObjects: 0.132700 ms CreateObjectMapping: 0.099900 ms MarkObjects: 1.377600 ms  DeleteObjects: 0.061100 ms)

========================================================================
Received Import Request.
  path: Assets
  artifactKey: Guid(00000000000000001000000000000000) Importer(815301076,1909f56bfc062723c751e8b465ee728b)
Start importing Assets using Guid(00000000000000001000000000000000) Importer(815301076,1909f56bfc062723c751e8b465ee728b)  -> (artifact id: 'e4856052512617ee48189cf1d7999900') in 0.007497 seconds
  Import took 0.009229 seconds .

========================================================================
Received Import Request.
  Time since last request: 1.789788 seconds.
  path: Assets/_Scripts
  artifactKey: Guid(c2edd32cfd20b404ea7b638cc08ad1cd) Importer(815301076,1909f56bfc062723c751e8b465ee728b)
Start importing Assets/_Scripts using Guid(c2edd32cfd20b404ea7b638cc08ad1cd) Importer(815301076,1909f56bfc062723c751e8b465ee728b)  -> (artifact id: 'bfd2a55cb555bbb313add7db01de9e1f') in 0.007032 seconds
  Import took 0.008750 seconds .

========================================================================
Received Import Request.
  Time since last request: 54.509635 seconds.
  path: Assets/_Scripts/UpdateManager.cs
  artifactKey: Guid(a3d49ef95ab563c47b40ee2a8cae5770) Importer(815301076,1909f56bfc062723c751e8b465ee728b)
Start importing Assets/_Scripts/UpdateManager.cs using Guid(a3d49ef95ab563c47b40ee2a8cae5770) Importer(815301076,1909f56bfc062723c751e8b465ee728b)  -> (artifact id: 'bbc7866f154333f8c9882b6a88996f04') in 0.074113 seconds
  Import took 0.075710 seconds .

========================================================================
Received Prepare
Registering precompiled user dll's ...
Registered in 0.000986 seconds.
Begin MonoManager ReloadAssembly
Native extension for WindowsStandalone target not found
Native extension for WebGL target not found
Refreshing native plugins compatible for Editor in 0.18 ms, found 0 plugins.
Preloading 0 native plugins for Editor in 0.00 ms.
Mono: successfully reloaded assembly
- Completed reload, in  0.768 seconds
Platform modules already initialized, skipping
Refreshing native plugins compatible for Editor in 0.23 ms, found 0 plugins.
Preloading 0 native plugins for Editor in 0.00 ms.
Unloading 1109 Unused Serialized files (Serialized files now loaded: 0)
System memory in use before: 57.0 MB.
System memory in use after: 57.1 MB.

Unloading 4 unused Assets to reduce memory usage. Loaded Objects now: 1561.
Total: 1.462600 ms (FindLiveObjects: 0.120400 ms CreateObjectMapping: 0.036400 ms MarkObjects: 1.293000 ms  DeleteObjects: 0.011600 ms)

========================================================================
Received Import Request.
  Time since last request: 6.765456 seconds.
  path: Assets/_Scripts/PlayerScript.cs
  artifactKey: Guid(2066091d228078642b5affbb49b119af) Importer(815301076,1909f56bfc062723c751e8b465ee728b)
Start importing Assets/_Scripts/PlayerScript.cs using Guid(2066091d228078642b5affbb49b119af) Importer(815301076,1909f56bfc062723c751e8b465ee728b)  -> (artifact id: '8f53a3de4692c7d299817b8657e7858e') in 0.008545 seconds
  Import took 0.010428 seconds .

========================================================================
Received Import Request.
  Time since last request: 0.062184 seconds.
  path: Assets/_Scripts/PlayerScript.cs
  artifactKey: Guid(2066091d228078642b5affbb49b119af) Importer(815301076,1909f56bfc062723c751e8b465ee728b)
Start importing Assets/_Scripts/PlayerScript.cs using Guid(2066091d228078642b5affbb49b119af) Importer(815301076,1909f56bfc062723c751e8b465ee728b)  -> (artifact id: '8f53a3de4692c7d299817b8657e7858e') in 0.003998 seconds
  Import took 0.006146 seconds .

========================================================================
Received Prepare
Registering precompiled user dll's ...
Registered in 0.001039 seconds.
Begin MonoManager ReloadAssembly
Native extension for WindowsStandalone target not found
Native extension for WebGL target not found
Refreshing native plugins compatible for Editor in 0.19 ms, found 0 plugins.
Preloading 0 native plugins for Editor in 0.00 ms.
Mono: successfully reloaded assembly
- Completed reload, in  0.774 seconds
Platform modules already initialized, skipping
Refreshing native plugins compatible for Editor in 0.19 ms, found 0 plugins.
Preloading 0 native plugins for Editor in 0.00 ms.
Unloading 1110 Unused Serialized files (Serialized files now loaded: 0)
System memory in use before: 57.0 MB.
System memory in use after: 57.1 MB.

Unloading 4 unused Assets to reduce memory usage. Loaded Objects now: 1565.
Total: 1.664100 ms (FindLiveObjects: 0.127500 ms CreateObjectMapping: 0.038900 ms MarkObjects: 1.482500 ms  DeleteObjects: 0.014400 ms)

========================================================================
Received Import Request.
  Time since last request: 18.065272 seconds.
  path: Assets/_Scripts/PlayerInput.cs
  artifactKey: Guid(9d2c1721082ddb24ab06b5b33f0d3a7c) Importer(815301076,1909f56bfc062723c751e8b465ee728b)
Start importing Assets/_Scripts/PlayerInput.cs using Guid(9d2c1721082ddb24ab06b5b33f0d3a7c) Importer(815301076,1909f56bfc062723c751e8b465ee728b)  -> (artifact id: 'e390e68a2f8f6261e0ac8f7e1fa87117') in 0.009238 seconds
  Import took 0.011397 seconds .

========================================================================
Received Prepare
Registering precompiled user dll's ...
Registered in 0.001004 seconds.
Begin MonoManager ReloadAssembly
Native extension for WindowsStandalone target not found
Native extension for WebGL target not found
Refreshing native plugins compatible for Editor in 0.18 ms, found 0 plugins.
Preloading 0 native plugins for Editor in 0.00 ms.
Mono: successfully reloaded assembly
- Completed reload, in  0.758 seconds
Platform modules already initialized, skipping
Refreshing native plugins compatible for Editor in 0.19 ms, found 0 plugins.
Preloading 0 native plugins for Editor in 0.00 ms.
Unloading 1111 Unused Serialized files (Serialized files now loaded: 0)
System memory in use before: 57.0 MB.
System memory in use after: 57.1 MB.

Unloading 4 unused Assets to reduce memory usage. Loaded Objects now: 1569.
Total: 1.495700 ms (FindLiveObjects: 0.130700 ms CreateObjectMapping: 0.037000 ms MarkObjects: 1.316000 ms  DeleteObjects: 0.011300 ms)

========================================================================
Received Import Request.
  Time since last request: 7.382670 seconds.
  path: Assets/_Scripts/PlayerMovement.cs
  artifactKey: Guid(c1ada09464550174f9be064e8aabe374) Importer(815301076,1909f56bfc062723c751e8b465ee728b)
Start importing Assets/_Scripts/PlayerMovement.cs using Guid(c1ada09464550174f9be064e8aabe374) Importer(815301076,1909f56bfc062723c751e8b465ee728b)  -> (artifact id: '3f5bc28c98e102c5e4ddd8fb9b265779') in 0.008890 seconds
  Import took 0.011109 seconds .

========================================================================
Received Prepare
Registering precompiled user dll's ...
Registered in 0.001020 seconds.
Begin MonoManager ReloadAssembly
Native extension for WindowsStandalone target not found
Native extension for WebGL target not found
Refreshing native plugins compatible for Editor in 0.19 ms, found 0 plugins.
Preloading 0 native plugins for Editor in 0.00 ms.
Mono: successfully reloaded assembly
- Completed reload, in  0.763 seconds
Platform modules already initialized, skipping
Refreshing native plugins compatible for Editor in 0.19 ms, found 0 plugins.
Preloading 0 native plugins for Editor in 0.00 ms.
Unloading 1112 Unused Serialized files (Serialized files now loaded: 0)
System memory in use before: 57.1 MB.
System memory in use after: 57.2 MB.

Unloading 4 unused Assets to reduce memory usage. Loaded Objects now: 1573.
Total: 1.460300 ms (FindLiveObjects: 0.111900 ms CreateObjectMapping: 0.029000 ms MarkObjects: 1.307100 ms  DeleteObjects: 0.011300 ms)

========================================================================
Received Prepare
Registering precompiled user dll's ...
Registered in 0.001106 seconds.
Begin MonoManager ReloadAssembly
Native extension for WindowsStandalone target not found
Native extension for WebGL target not found
Refreshing native plugins compatible for Editor in 0.20 ms, found 0 plugins.
Preloading 0 native plugins for Editor in 0.00 ms.
Mono: successfully reloaded assembly
- Completed reload, in  0.784 seconds
Platform modules already initialized, skipping
Refreshing native plugins compatible for Editor in 0.19 ms, found 0 plugins.
Preloading 0 native plugins for Editor in 0.00 ms.
Unloading 1112 Unused Serialized files (Serialized files now loaded: 0)
System memory in use before: 57.1 MB.
System memory in use after: 57.2 MB.

Unloading 4 unused Assets to reduce memory usage. Loaded Objects now: 1576.
Total: 1.453000 ms (FindLiveObjects: 0.161100 ms CreateObjectMapping: 0.039600 ms MarkObjects: 1.237500 ms  DeleteObjects: 0.013600 ms)

========================================================================
Received Import Request.
  Time since last request: 1562.934360 seconds.
  path: Assets/_Scripts/PlayerScript.cs
  artifactKey: Guid(2066091d228078642b5affbb49b119af) Importer(815301076,1909f56bfc062723c751e8b465ee728b)
Start importing Assets/_Scripts/PlayerScript.cs using Guid(2066091d228078642b5affbb49b119af) Importer(815301076,1909f56bfc062723c751e8b465ee728b)  -> (artifact id: '3ca0f0313e4d0bbd653df8f08f6826ff') in 0.006566 seconds
  Import took 0.008658 seconds .

========================================================================
Received Import Request.
  Time since last request: 3.481284 seconds.
  path: Assets/Prefabs
  artifactKey: Guid(828c0d2889120fb49b38b334a64fb26b) Importer(815301076,1909f56bfc062723c751e8b465ee728b)
Start importing Assets/Prefabs using Guid(828c0d2889120fb49b38b334a64fb26b) Importer(815301076,1909f56bfc062723c751e8b465ee728b)  -> (artifact id: 'f03217960064aef0d45040c6d4c914e5') in 0.006914 seconds
  Import took 0.008667 seconds .

========================================================================
Received Import Request.
  Time since last request: 0.000818 seconds.
  path: Assets/Prefabs
  artifactKey: Guid(828c0d2889120fb49b38b334a64fb26b) Importer(815301076,1909f56bfc062723c751e8b465ee728b)
Start importing Assets/Prefabs using Guid(828c0d2889120fb49b38b334a64fb26b) Importer(815301076,1909f56bfc062723c751e8b465ee728b)  -> (artifact id: 'f03217960064aef0d45040c6d4c914e5') in 0.003716 seconds
  Import took 0.005383 seconds .

========================================================================
Received Import Request.
  Time since last request: 3.914178 seconds.
  path: Assets/Prefabs/Ghost.prefab
  artifactKey: Guid(06e0db6bcabb4514fbde1ea83b5c88c2) Importer(815301076,1909f56bfc062723c751e8b465ee728b)
Start importing Assets/Prefabs/Ghost.prefab using Guid(06e0db6bcabb4514fbde1ea83b5c88c2) Importer(815301076,1909f56bfc062723c751e8b465ee728b)  -> (artifact id: 'edb60e55c5dbd8a129bb5d68e9ef3adc') in 0.109002 seconds
  Import took 0.110837 seconds .

========================================================================
Received Prepare
Registering precompiled user dll's ...
Registered in 0.001061 seconds.
Begin MonoManager ReloadAssembly
Native extension for WindowsStandalone target not found
Native extension for WebGL target not found
Refreshing native plugins compatible for Editor in 0.19 ms, found 0 plugins.
Preloading 0 native plugins for Editor in 0.00 ms.
Mono: successfully reloaded assembly
- Completed reload, in  0.762 seconds
Platform modules already initialized, skipping
Refreshing native plugins compatible for Editor in 0.19 ms, found 0 plugins.
Preloading 0 native plugins for Editor in 0.00 ms.
Unloading 1112 Unused Serialized files (Serialized files now loaded: 0)
System memory in use before: 60.2 MB.
System memory in use after: 60.3 MB.

Unloading 5 unused Assets to reduce memory usage. Loaded Objects now: 1587.
Total: 1.424800 ms (FindLiveObjects: 0.109200 ms CreateObjectMapping: 0.027200 ms MarkObjects: 1.271900 ms  DeleteObjects: 0.015600 ms)

========================================================================
Received Prepare
Registering precompiled user dll's ...
Registered in 0.001071 seconds.
Begin MonoManager ReloadAssembly
Native extension for WindowsStandalone target not found
Native extension for WebGL target not found
Refreshing native plugins compatible for Editor in 0.19 ms, found 0 plugins.
Preloading 0 native plugins for Editor in 0.00 ms.
Mono: successfully reloaded assembly
- Completed reload, in  0.776 seconds
Platform modules already initialized, skipping
Refreshing native plugins compatible for Editor in 0.19 ms, found 0 plugins.
Preloading 0 native plugins for Editor in 0.00 ms.
Unloading 1112 Unused Serialized files (Serialized files now loaded: 0)
System memory in use before: 60.2 MB.
System memory in use after: 60.3 MB.

Unloading 4 unused Assets to reduce memory usage. Loaded Objects now: 1590.
Total: 1.554100 ms (FindLiveObjects: 0.131500 ms CreateObjectMapping: 0.034400 ms MarkObjects: 1.374700 ms  DeleteObjects: 0.012700 ms)

========================================================================
Received Import Request.
  Time since last request: 275.717001 seconds.
  path: Assets/Materials
  artifactKey: Guid(06f89070c82e5b64890406fdefe72965) Importer(815301076,1909f56bfc062723c751e8b465ee728b)
Start importing Assets/Materials using Guid(06f89070c82e5b64890406fdefe72965) Importer(815301076,1909f56bfc062723c751e8b465ee728b)  -> (artifact id: 'c904d4a484941ac3e298bf59d8c9540b') in 0.008561 seconds
  Import took 0.010440 seconds .

========================================================================
Received Import Request.
  Time since last request: 8.706323 seconds.
  path: Assets/Materials/New Material.mat
  artifactKey: Guid(ed6aacd307a86644885d1e639764177e) Importer(815301076,1909f56bfc062723c751e8b465ee728b)
Start importing Assets/Materials/New Material.mat using Guid(ed6aacd307a86644885d1e639764177e) Importer(815301076,1909f56bfc062723c751e8b465ee728b)  -> (artifact id: '58d0bd816ba20adbab42ba91eb15b2cd') in 0.069270 seconds
  Import took 0.071252 seconds .

========================================================================
Received Prepare
Registering precompiled user dll's ...
Registered in 0.001450 seconds.
Begin MonoManager ReloadAssembly
Native extension for WindowsStandalone target not found
Native extension for WebGL target not found
Refreshing native plugins compatible for Editor in 0.21 ms, found 0 plugins.
Preloading 0 native plugins for Editor in 0.00 ms.
Mono: successfully reloaded assembly
- Completed reload, in  0.845 seconds
Platform modules already initialized, skipping
Refreshing native plugins compatible for Editor in 0.25 ms, found 0 plugins.
Preloading 0 native plugins for Editor in 0.00 ms.
Unloading 1112 Unused Serialized files (Serialized files now loaded: 0)
System memory in use before: 60.5 MB.
System memory in use after: 60.6 MB.

Unloading 4 unused Assets to reduce memory usage. Loaded Objects now: 1627.
Total: 1.578200 ms (FindLiveObjects: 0.124000 ms CreateObjectMapping: 0.032500 ms MarkObjects: 1.408100 ms  DeleteObjects: 0.012600 ms)

========================================================================
Received Prepare
Registering precompiled user dll's ...
Registered in 0.001309 seconds.
Begin MonoManager ReloadAssembly
Native extension for WindowsStandalone target not found
Native extension for WebGL target not found
Refreshing native plugins compatible for Editor in 0.20 ms, found 0 plugins.
Preloading 0 native plugins for Editor in 0.00 ms.
Mono: successfully reloaded assembly
- Completed reload, in  0.769 seconds
Platform modules already initialized, skipping
Refreshing native plugins compatible for Editor in 0.19 ms, found 0 plugins.
Preloading 0 native plugins for Editor in 0.00 ms.
Unloading 1112 Unused Serialized files (Serialized files now loaded: 0)
System memory in use before: 60.5 MB.
System memory in use after: 60.6 MB.

Unloading 4 unused Assets to reduce memory usage. Loaded Objects now: 1630.
Total: 1.555900 ms (FindLiveObjects: 0.172000 ms CreateObjectMapping: 0.042300 ms MarkObjects: 1.328300 ms  DeleteObjects: 0.012300 ms)

========================================================================
Received Import Request.
  Time since last request: 159.287399 seconds.
  path: Assets/_Scripts/PlayerMovement.cs
  artifactKey: Guid(c1ada09464550174f9be064e8aabe374) Importer(815301076,1909f56bfc062723c751e8b465ee728b)
Start importing Assets/_Scripts/PlayerMovement.cs using Guid(c1ada09464550174f9be064e8aabe374) Importer(815301076,1909f56bfc062723c751e8b465ee728b)  -> (artifact id: '3a564b643bd842d6fa750cac5b9566b0') in 0.004153 seconds
  Import took 0.005999 seconds .

========================================================================
Received Prepare
Registering precompiled user dll's ...
Registered in 0.001154 seconds.
Begin MonoManager ReloadAssembly
Native extension for WindowsStandalone target not found
Native extension for WebGL target not found
Refreshing native plugins compatible for Editor in 0.21 ms, found 0 plugins.
Preloading 0 native plugins for Editor in 0.00 ms.
Mono: successfully reloaded assembly
- Completed reload, in  0.899 seconds
Platform modules already initialized, skipping
Refreshing native plugins compatible for Editor in 0.19 ms, found 0 plugins.
Preloading 0 native plugins for Editor in 0.00 ms.
Unloading 1112 Unused Serialized files (Serialized files now loaded: 0)
System memory in use before: 60.5 MB.
System memory in use after: 60.6 MB.

Unloading 4 unused Assets to reduce memory usage. Loaded Objects now: 1633.
Total: 1.530300 ms (FindLiveObjects: 0.128800 ms CreateObjectMapping: 0.034200 ms MarkObjects: 1.354100 ms  DeleteObjects: 0.012100 ms)

========================================================================
Received Import Request.
  Time since last request: 724.823606 seconds.
  path: Assets/_Scripts/PlayerInput.cs
  artifactKey: Guid(9d2c1721082ddb24ab06b5b33f0d3a7c) Importer(815301076,1909f56bfc062723c751e8b465ee728b)
Start importing Assets/_Scripts/PlayerInput.cs using Guid(9d2c1721082ddb24ab06b5b33f0d3a7c) Importer(815301076,1909f56bfc062723c751e8b465ee728b)  -> (artifact id: 'dbdb9b0ed18efb3e0d9e8ffc66fe70cf') in 0.013600 seconds
  Import took 0.016787 seconds .

========================================================================
Received Import Request.
  Time since last request: 0.023809 seconds.
  path: Assets/_Scripts/PlayerInput.cs
  artifactKey: Guid(9d2c1721082ddb24ab06b5b33f0d3a7c) Importer(815301076,1909f56bfc062723c751e8b465ee728b)
Start importing Assets/_Scripts/PlayerInput.cs using Guid(9d2c1721082ddb24ab06b5b33f0d3a7c) Importer(815301076,1909f56bfc062723c751e8b465ee728b)  -> (artifact id: 'dbdb9b0ed18efb3e0d9e8ffc66fe70cf') in 0.005346 seconds
  Import took 0.007548 seconds .

========================================================================
Received Prepare
Registering precompiled user dll's ...
Registered in 0.001462 seconds.
Begin MonoManager ReloadAssembly
Native extension for WindowsStandalone target not found
Native extension for WebGL target not found
Refreshing native plugins compatible for Editor in 0.20 ms, found 0 plugins.
Preloading 0 native plugins for Editor in 0.00 ms.
Mono: successfully reloaded assembly
- Completed reload, in  0.844 seconds
Platform modules already initialized, skipping
Refreshing native plugins compatible for Editor in 0.21 ms, found 0 plugins.
Preloading 0 native plugins for Editor in 0.00 ms.
Unloading 1112 Unused Serialized files (Serialized files now loaded: 0)
System memory in use before: 60.5 MB.
System memory in use after: 60.6 MB.

Unloading 4 unused Assets to reduce memory usage. Loaded Objects now: 1636.
Total: 1.502800 ms (FindLiveObjects: 0.140800 ms CreateObjectMapping: 0.035500 ms MarkObjects: 1.312800 ms  DeleteObjects: 0.012800 ms)

========================================================================
Received Import Request.
  Time since last request: 11.923964 seconds.
  path: Assets/_Scripts/PlayerInput.cs
  artifactKey: Guid(9d2c1721082ddb24ab06b5b33f0d3a7c) Importer(815301076,1909f56bfc062723c751e8b465ee728b)
Start importing Assets/_Scripts/PlayerInput.cs using Guid(9d2c1721082ddb24ab06b5b33f0d3a7c) Importer(815301076,1909f56bfc062723c751e8b465ee728b)  -> (artifact id: '113f88d05125cb3b928e1b253c40229e') in 0.012472 seconds
  Import took 0.014380 seconds .

========================================================================
Received Prepare
Registering precompiled user dll's ...
Registered in 0.001315 seconds.
Begin MonoManager ReloadAssembly
Native extension for WindowsStandalone target not found
Native extension for WebGL target not found
Refreshing native plugins compatible for Editor in 0.21 ms, found 0 plugins.
Preloading 0 native plugins for Editor in 0.00 ms.
Mono: successfully reloaded assembly
- Completed reload, in  0.853 seconds
Platform modules already initialized, skipping
Refreshing native plugins compatible for Editor in 0.19 ms, found 0 plugins.
Preloading 0 native plugins for Editor in 0.00 ms.
Unloading 1112 Unused Serialized files (Serialized files now loaded: 0)
System memory in use before: 60.5 MB.
System memory in use after: 60.6 MB.

Unloading 4 unused Assets to reduce memory usage. Loaded Objects now: 1639.
Total: 1.519300 ms (FindLiveObjects: 0.127400 ms CreateObjectMapping: 0.033200 ms MarkObjects: 1.341800 ms  DeleteObjects: 0.012200 ms)

========================================================================
Received Prepare
Registering precompiled user dll's ...
Registered in 0.001818 seconds.
Begin MonoManager ReloadAssembly
Native extension for WindowsStandalone target not found
Native extension for WebGL target not found
Refreshing native plugins compatible for Editor in 0.21 ms, found 0 plugins.
Preloading 0 native plugins for Editor in 0.00 ms.
Mono: successfully reloaded assembly
- Completed reload, in  0.834 seconds
Platform modules already initialized, skipping
Refreshing native plugins compatible for Editor in 0.22 ms, found 0 plugins.
Preloading 0 native plugins for Editor in 0.00 ms.
Unloading 1112 Unused Serialized files (Serialized files now loaded: 0)
System memory in use before: 60.5 MB.
System memory in use after: 60.6 MB.

Unloading 4 unused Assets to reduce memory usage. Loaded Objects now: 1642.
Total: 1.536300 ms (FindLiveObjects: 0.144900 ms CreateObjectMapping: 0.036600 ms MarkObjects: 1.340200 ms  DeleteObjects: 0.013800 ms)

========================================================================
Received Prepare
Registering precompiled user dll's ...
Registered in 0.001113 seconds.
Begin MonoManager ReloadAssembly
Native extension for WindowsStandalone target not found
Native extension for WebGL target not found
Refreshing native plugins compatible for Editor in 0.26 ms, found 0 plugins.
Preloading 0 native plugins for Editor in 0.00 ms.
Mono: successfully reloaded assembly
- Completed reload, in  0.858 seconds
Platform modules already initialized, skipping
Refreshing native plugins compatible for Editor in 0.24 ms, found 0 plugins.
Preloading 0 native plugins for Editor in 0.00 ms.
Unloading 1112 Unused Serialized files (Serialized files now loaded: 0)
System memory in use before: 60.5 MB.
System memory in use after: 60.6 MB.

Unloading 4 unused Assets to reduce memory usage. Loaded Objects now: 1645.
Total: 1.885100 ms (FindLiveObjects: 0.240600 ms CreateObjectMapping: 0.082300 ms MarkObjects: 1.542800 ms  DeleteObjects: 0.017800 ms)

========================================================================
Received Prepare
Registering precompiled user dll's ...
Registered in 0.001417 seconds.
Begin MonoManager ReloadAssembly
Native extension for WindowsStandalone target not found
Native extension for WebGL target not found
Refreshing native plugins compatible for Editor in 0.22 ms, found 0 plugins.
Preloading 0 native plugins for Editor in 0.00 ms.
Mono: successfully reloaded assembly
- Completed reload, in  0.842 seconds
Platform modules already initialized, skipping
Refreshing native plugins compatible for Editor in 0.19 ms, found 0 plugins.
Preloading 0 native plugins for Editor in 0.00 ms.
Unloading 1112 Unused Serialized files (Serialized files now loaded: 0)
System memory in use before: 60.5 MB.
System memory in use after: 60.6 MB.

Unloading 4 unused Assets to reduce memory usage. Loaded Objects now: 1648.
Total: 1.576400 ms (FindLiveObjects: 0.164600 ms CreateObjectMapping: 0.044200 ms MarkObjects: 1.353600 ms  DeleteObjects: 0.012700 ms)

========================================================================
Received Prepare
Registering precompiled user dll's ...
Registered in 0.001192 seconds.
Begin MonoManager ReloadAssembly
Native extension for WindowsStandalone target not found
Native extension for WebGL target not found
Refreshing native plugins compatible for Editor in 0.21 ms, found 0 plugins.
Preloading 0 native plugins for Editor in 0.00 ms.
Mono: successfully reloaded assembly
- Completed reload, in  0.917 seconds
Platform modules already initialized, skipping
Refreshing native plugins compatible for Editor in 0.23 ms, found 0 plugins.
Preloading 0 native plugins for Editor in 0.00 ms.
Unloading 1112 Unused Serialized files (Serialized files now loaded: 0)
System memory in use before: 60.5 MB.
System memory in use after: 60.6 MB.

Unloading 4 unused Assets to reduce memory usage. Loaded Objects now: 1651.
Total: 2.163600 ms (FindLiveObjects: 0.138000 ms CreateObjectMapping: 0.034400 ms MarkObjects: 1.973300 ms  DeleteObjects: 0.016700 ms)

========================================================================
Received Prepare
Registering precompiled user dll's ...
Registered in 0.001121 seconds.
Begin MonoManager ReloadAssembly
Native extension for WindowsStandalone target not found
Native extension for WebGL target not found
Refreshing native plugins compatible for Editor in 0.19 ms, found 0 plugins.
Preloading 0 native plugins for Editor in 0.00 ms.
Mono: successfully reloaded assembly
- Completed reload, in  0.838 seconds
Platform modules already initialized, skipping
Refreshing native plugins compatible for Editor in 0.19 ms, found 0 plugins.
Preloading 0 native plugins for Editor in 0.00 ms.
Unloading 1112 Unused Serialized files (Serialized files now loaded: 0)
System memory in use before: 60.5 MB.
System memory in use after: 60.6 MB.

Unloading 4 unused Assets to reduce memory usage. Loaded Objects now: 1654.
Total: 3.213300 ms (FindLiveObjects: 0.433500 ms CreateObjectMapping: 0.067400 ms MarkObjects: 2.685700 ms  DeleteObjects: 0.025300 ms)

========================================================================
Received Prepare
Registering precompiled user dll's ...
Registered in 0.001081 seconds.
Begin MonoManager ReloadAssembly
Native extension for WindowsStandalone target not found
Native extension for WebGL target not found
Refreshing native plugins compatible for Editor in 0.20 ms, found 0 plugins.
Preloading 0 native plugins for Editor in 0.00 ms.
Mono: successfully reloaded assembly
- Completed reload, in  0.873 seconds
Platform modules already initialized, skipping
Refreshing native plugins compatible for Editor in 0.20 ms, found 0 plugins.
Preloading 0 native plugins for Editor in 0.00 ms.
Unloading 1112 Unused Serialized files (Serialized files now loaded: 0)
System memory in use before: 60.5 MB.
System memory in use after: 60.6 MB.

Unloading 4 unused Assets to reduce memory usage. Loaded Objects now: 1657.
Total: 1.921100 ms (FindLiveObjects: 0.309500 ms CreateObjectMapping: 0.087400 ms MarkObjects: 1.508500 ms  DeleteObjects: 0.014000 ms)

========================================================================
Received Prepare
Registering precompiled user dll's ...
Registered in 0.001108 seconds.
Begin MonoManager ReloadAssembly
Native extension for WindowsStandalone target not found
Native extension for WebGL target not found
Refreshing native plugins compatible for Editor in 0.19 ms, found 0 plugins.
Preloading 0 native plugins for Editor in 0.00 ms.
Mono: successfully reloaded assembly
- Completed reload, in  0.873 seconds
Platform modules already initialized, skipping
Refreshing native plugins compatible for Editor in 0.22 ms, found 0 plugins.
Preloading 0 native plugins for Editor in 0.00 ms.
Unloading 1112 Unused Serialized files (Serialized files now loaded: 0)
System memory in use before: 60.5 MB.
System memory in use after: 60.6 MB.

Unloading 4 unused Assets to reduce memory usage. Loaded Objects now: 1660.
Total: 2.616800 ms (FindLiveObjects: 0.157200 ms CreateObjectMapping: 0.039500 ms MarkObjects: 2.357500 ms  DeleteObjects: 0.017200 ms)

========================================================================
Received Prepare
Registering precompiled user dll's ...
Registered in 0.001115 seconds.
Begin MonoManager ReloadAssembly
Native extension for WindowsStandalone target not found
Native extension for WebGL target not found
Refreshing native plugins compatible for Editor in 0.23 ms, found 0 plugins.
Preloading 0 native plugins for Editor in 0.00 ms.
Mono: successfully reloaded assembly
- Completed reload, in  0.867 seconds
Platform modules already initialized, skipping
Refreshing native plugins compatible for Editor in 0.19 ms, found 0 plugins.
Preloading 0 native plugins for Editor in 0.00 ms.
Unloading 1112 Unused Serialized files (Serialized files now loaded: 0)
System memory in use before: 60.5 MB.
System memory in use after: 60.6 MB.

Unloading 4 unused Assets to reduce memory usage. Loaded Objects now: 1663.
Total: 1.580700 ms (FindLiveObjects: 0.129300 ms CreateObjectMapping: 0.034400 ms MarkObjects: 1.402400 ms  DeleteObjects: 0.013800 ms)

========================================================================
Received Prepare
Registering precompiled user dll's ...
Registered in 0.001187 seconds.
Begin MonoManager ReloadAssembly
Native extension for WindowsStandalone target not found
Native extension for WebGL target not found
Refreshing native plugins compatible for Editor in 0.20 ms, found 0 plugins.
Preloading 0 native plugins for Editor in 0.00 ms.
Mono: successfully reloaded assembly
- Completed reload, in  0.816 seconds
Platform modules already initialized, skipping
Refreshing native plugins compatible for Editor in 0.20 ms, found 0 plugins.
Preloading 0 native plugins for Editor in 0.00 ms.
Unloading 1112 Unused Serialized files (Serialized files now loaded: 0)
System memory in use before: 60.5 MB.
System memory in use after: 60.6 MB.

Unloading 4 unused Assets to reduce memory usage. Loaded Objects now: 1666.
Total: 1.528200 ms (FindLiveObjects: 0.136600 ms CreateObjectMapping: 0.040900 ms MarkObjects: 1.336700 ms  DeleteObjects: 0.012400 ms)

========================================================================
Received Prepare
Registering precompiled user dll's ...
Registered in 0.001109 seconds.
Begin MonoManager ReloadAssembly
Native extension for WindowsStandalone target not found
Native extension for WebGL target not found
Refreshing native plugins compatible for Editor in 0.20 ms, found 0 plugins.
Preloading 0 native plugins for Editor in 0.00 ms.
Mono: successfully reloaded assembly
- Completed reload, in  0.812 seconds
Platform modules already initialized, skipping
Refreshing native plugins compatible for Editor in 0.19 ms, found 0 plugins.
Preloading 0 native plugins for Editor in 0.00 ms.
Unloading 1112 Unused Serialized files (Serialized files now loaded: 0)
System memory in use before: 60.5 MB.
System memory in use after: 60.6 MB.

Unloading 4 unused Assets to reduce memory usage. Loaded Objects now: 1669.
Total: 1.729600 ms (FindLiveObjects: 0.136600 ms CreateObjectMapping: 0.032800 ms MarkObjects: 1.542800 ms  DeleteObjects: 0.016400 ms)

========================================================================
Received Prepare
Registering precompiled user dll's ...
Registered in 0.001136 seconds.
Begin MonoManager ReloadAssembly
Native extension for WindowsStandalone target not found
Native extension for WebGL target not found
Refreshing native plugins compatible for Editor in 0.20 ms, found 0 plugins.
Preloading 0 native plugins for Editor in 0.00 ms.
Mono: successfully reloaded assembly
- Completed reload, in  0.860 seconds
Platform modules already initialized, skipping
Refreshing native plugins compatible for Editor in 0.21 ms, found 0 plugins.
Preloading 0 native plugins for Editor in 0.00 ms.
Unloading 1112 Unused Serialized files (Serialized files now loaded: 0)
System memory in use before: 60.5 MB.
System memory in use after: 60.6 MB.

Unloading 4 unused Assets to reduce memory usage. Loaded Objects now: 1672.
Total: 1.699700 ms (FindLiveObjects: 0.285400 ms CreateObjectMapping: 0.070700 ms MarkObjects: 1.328400 ms  DeleteObjects: 0.013800 ms)

========================================================================
Received Prepare
Registering precompiled user dll's ...
Registered in 0.001177 seconds.
Begin MonoManager ReloadAssembly
Native extension for WindowsStandalone target not found
Native extension for WebGL target not found
Refreshing native plugins compatible for Editor in 0.21 ms, found 0 plugins.
Preloading 0 native plugins for Editor in 0.00 ms.
Mono: successfully reloaded assembly
- Completed reload, in  0.886 seconds
Platform modules already initialized, skipping
Refreshing native plugins compatible for Editor in 0.19 ms, found 0 plugins.
Preloading 0 native plugins for Editor in 0.00 ms.
Unloading 1112 Unused Serialized files (Serialized files now loaded: 0)
System memory in use before: 60.5 MB.
System memory in use after: 60.6 MB.

Unloading 4 unused Assets to reduce memory usage. Loaded Objects now: 1675.
Total: 1.544500 ms (FindLiveObjects: 0.130600 ms CreateObjectMapping: 0.032600 ms MarkObjects: 1.367100 ms  DeleteObjects: 0.013200 ms)

========================================================================
Received Prepare
Registering precompiled user dll's ...
Registered in 0.001123 seconds.
Begin MonoManager ReloadAssembly
Native extension for WindowsStandalone target not found
Native extension for WebGL target not found
Refreshing native plugins compatible for Editor in 0.21 ms, found 0 plugins.
Preloading 0 native plugins for Editor in 0.00 ms.
Mono: successfully reloaded assembly
- Completed reload, in  0.857 seconds
Platform modules already initialized, skipping
Refreshing native plugins compatible for Editor in 0.19 ms, found 0 plugins.
Preloading 0 native plugins for Editor in 0.00 ms.
Unloading 1112 Unused Serialized files (Serialized files now loaded: 0)
System memory in use before: 60.6 MB.
System memory in use after: 60.7 MB.

Unloading 4 unused Assets to reduce memory usage. Loaded Objects now: 1678.
Total: 1.606900 ms (FindLiveObjects: 0.176200 ms CreateObjectMapping: 0.040600 ms MarkObjects: 1.375300 ms  DeleteObjects: 0.013800 ms)

========================================================================
Received Prepare
Registering precompiled user dll's ...
Registered in 0.001264 seconds.
Begin MonoManager ReloadAssembly
Native extension for WindowsStandalone target not found
Native extension for WebGL target not found
Refreshing native plugins compatible for Editor in 0.22 ms, found 0 plugins.
Preloading 0 native plugins for Editor in 0.00 ms.
Mono: successfully reloaded assembly
- Completed reload, in  0.835 seconds
Platform modules already initialized, skipping
Refreshing native plugins compatible for Editor in 0.21 ms, found 0 plugins.
Preloading 0 native plugins for Editor in 0.00 ms.
Unloading 1112 Unused Serialized files (Serialized files now loaded: 0)
System memory in use before: 60.6 MB.
System memory in use after: 60.7 MB.

Unloading 4 unused Assets to reduce memory usage. Loaded Objects now: 1681.
Total: 1.486900 ms (FindLiveObjects: 0.138000 ms CreateObjectMapping: 0.037500 ms MarkObjects: 1.298800 ms  DeleteObjects: 0.011600 ms)

========================================================================
Received Prepare
Registering precompiled user dll's ...
Registered in 0.001225 seconds.
Begin MonoManager ReloadAssembly
Native extension for WindowsStandalone target not found
Native extension for WebGL target not found
Refreshing native plugins compatible for Editor in 0.23 ms, found 0 plugins.
Preloading 0 native plugins for Editor in 0.00 ms.
Mono: successfully reloaded assembly
- Completed reload, in  0.908 seconds
Platform modules already initialized, skipping
Refreshing native plugins compatible for Editor in 0.21 ms, found 0 plugins.
Preloading 0 native plugins for Editor in 0.00 ms.
Unloading 1112 Unused Serialized files (Serialized files now loaded: 0)
System memory in use before: 60.6 MB.
System memory in use after: 60.7 MB.

Unloading 4 unused Assets to reduce memory usage. Loaded Objects now: 1684.
Total: 1.506100 ms (FindLiveObjects: 0.151900 ms CreateObjectMapping: 0.038000 ms MarkObjects: 1.303100 ms  DeleteObjects: 0.012100 ms)

========================================================================
Received Prepare
Registering precompiled user dll's ...
Registered in 0.001226 seconds.
Begin MonoManager ReloadAssembly
Native extension for WindowsStandalone target not found
Native extension for WebGL target not found
Refreshing native plugins compatible for Editor in 0.20 ms, found 0 plugins.
Preloading 0 native plugins for Editor in 0.00 ms.
Mono: successfully reloaded assembly
- Completed reload, in  0.849 seconds
Platform modules already initialized, skipping
Refreshing native plugins compatible for Editor in 0.20 ms, found 0 plugins.
Preloading 0 native plugins for Editor in 0.00 ms.
Unloading 1112 Unused Serialized files (Serialized files now loaded: 0)
System memory in use before: 60.6 MB.
System memory in use after: 60.7 MB.

Unloading 4 unused Assets to reduce memory usage. Loaded Objects now: 1687.
Total: 1.904200 ms (FindLiveObjects: 0.145900 ms CreateObjectMapping: 0.039800 ms MarkObjects: 1.698800 ms  DeleteObjects: 0.018100 ms)

========================================================================
Received Import Request.
  Time since last request: 3548.592329 seconds.
  path: Assets/_Scripts/Body.cs
  artifactKey: Guid(7da937544079ff1488d366742b18cdaf) Importer(815301076,1909f56bfc062723c751e8b465ee728b)
Start importing Assets/_Scripts/Body.cs using Guid(7da937544079ff1488d366742b18cdaf) Importer(815301076,1909f56bfc062723c751e8b465ee728b)  -> (artifact id: '99e368c4a094eb28e4bb9ea281db0caa') in 0.010750 seconds
  Import took 0.012625 seconds .

========================================================================
Received Prepare
Registering precompiled user dll's ...
Registered in 0.001083 seconds.
Begin MonoManager ReloadAssembly
Native extension for WindowsStandalone target not found
Native extension for WebGL target not found
Refreshing native plugins compatible for Editor in 0.20 ms, found 0 plugins.
Preloading 0 native plugins for Editor in 0.00 ms.
Mono: successfully reloaded assembly
- Completed reload, in  0.888 seconds
Platform modules already initialized, skipping
Refreshing native plugins compatible for Editor in 0.19 ms, found 0 plugins.
Preloading 0 native plugins for Editor in 0.00 ms.
Unloading 1113 Unused Serialized files (Serialized files now loaded: 0)
System memory in use before: 60.6 MB.
System memory in use after: 60.7 MB.

Unloading 4 unused Assets to reduce memory usage. Loaded Objects now: 1691.
Total: 1.615300 ms (FindLiveObjects: 0.148900 ms CreateObjectMapping: 0.038600 ms MarkObjects: 1.413500 ms  DeleteObjects: 0.013100 ms)

========================================================================
Received Prepare
Registering precompiled user dll's ...
Registered in 0.001206 seconds.
Begin MonoManager ReloadAssembly
Native extension for WindowsStandalone target not found
Native extension for WebGL target not found
Refreshing native plugins compatible for Editor in 0.20 ms, found 0 plugins.
Preloading 0 native plugins for Editor in 0.00 ms.
Mono: successfully reloaded assembly
- Completed reload, in  0.878 seconds
Platform modules already initialized, skipping
Refreshing native plugins compatible for Editor in 0.19 ms, found 0 plugins.
Preloading 0 native plugins for Editor in 0.00 ms.
Unloading 1113 Unused Serialized files (Serialized files now loaded: 0)
System memory in use before: 60.6 MB.
System memory in use after: 60.7 MB.

Unloading 4 unused Assets to reduce memory usage. Loaded Objects now: 1694.
Total: 1.549400 ms (FindLiveObjects: 0.144500 ms CreateObjectMapping: 0.043000 ms MarkObjects: 1.349100 ms  DeleteObjects: 0.011900 ms)

========================================================================
Received Import Request.
  Time since last request: 220.555371 seconds.
  path: Assets/_Scripts/Body.cs
  artifactKey: Guid(7da937544079ff1488d366742b18cdaf) Importer(815301076,1909f56bfc062723c751e8b465ee728b)
Start importing Assets/_Scripts/Body.cs using Guid(7da937544079ff1488d366742b18cdaf) Importer(815301076,1909f56bfc062723c751e8b465ee728b)  -> (artifact id: '066a13f960a7526abd86c02f65cce35d') in 0.005705 seconds
  Import took 0.007494 seconds .

========================================================================
Received Import Request.
  Time since last request: 1.028872 seconds.
  path: Assets/_Scripts/Body.cs
  artifactKey: Guid(7da937544079ff1488d366742b18cdaf) Importer(815301076,1909f56bfc062723c751e8b465ee728b)
Start importing Assets/_Scripts/Body.cs using Guid(7da937544079ff1488d366742b18cdaf) Importer(815301076,1909f56bfc062723c751e8b465ee728b)  -> (artifact id: '066a13f960a7526abd86c02f65cce35d') in 0.004115 seconds
  Import took 0.005999 seconds .

========================================================================
Received Prepare
Registering precompiled user dll's ...
Registered in 0.001739 seconds.
Begin MonoManager ReloadAssembly
Native extension for WindowsStandalone target not found
Native extension for WebGL target not found
Refreshing native plugins compatible for Editor in 0.20 ms, found 0 plugins.
Preloading 0 native plugins for Editor in 0.00 ms.
Mono: successfully reloaded assembly
- Completed reload, in  0.836 seconds
Platform modules already initialized, skipping
Refreshing native plugins compatible for Editor in 0.25 ms, found 0 plugins.
Preloading 0 native plugins for Editor in 0.00 ms.
Unloading 1113 Unused Serialized files (Serialized files now loaded: 0)
System memory in use before: 60.6 MB.
System memory in use after: 60.7 MB.

Unloading 4 unused Assets to reduce memory usage. Loaded Objects now: 1697.
Total: 1.496900 ms (FindLiveObjects: 0.137000 ms CreateObjectMapping: 0.037900 ms MarkObjects: 1.308700 ms  DeleteObjects: 0.012400 ms)

========================================================================
Received Prepare
Registering precompiled user dll's ...
Registered in 0.001184 seconds.
Begin MonoManager ReloadAssembly
Native extension for WindowsStandalone target not found
Native extension for WebGL target not found
Refreshing native plugins compatible for Editor in 0.21 ms, found 0 plugins.
Preloading 0 native plugins for Editor in 0.00 ms.
Mono: successfully reloaded assembly
- Completed reload, in  0.807 seconds
Platform modules already initialized, skipping
Refreshing native plugins compatible for Editor in 0.19 ms, found 0 plugins.
Preloading 0 native plugins for Editor in 0.00 ms.
Unloading 1113 Unused Serialized files (Serialized files now loaded: 0)
System memory in use before: 60.6 MB.
System memory in use after: 60.7 MB.

Unloading 4 unused Assets to reduce memory usage. Loaded Objects now: 1700.
Total: 1.568100 ms (FindLiveObjects: 0.147000 ms CreateObjectMapping: 0.040000 ms MarkObjects: 1.367100 ms  DeleteObjects: 0.012900 ms)

========================================================================
Received Import Request.
  Time since last request: 204.037667 seconds.
  path: Assets/_Scripts/Body.cs
  artifactKey: Guid(7da937544079ff1488d366742b18cdaf) Importer(815301076,1909f56bfc062723c751e8b465ee728b)
Start importing Assets/_Scripts/Body.cs using Guid(7da937544079ff1488d366742b18cdaf) Importer(815301076,1909f56bfc062723c751e8b465ee728b)  -> (artifact id: 'fe110a3c9ac8633c3c5139cd19d59b12') in 0.004996 seconds
  Import took 0.006807 seconds .

========================================================================
Received Prepare
Registering precompiled user dll's ...
Registered in 0.001111 seconds.
Begin MonoManager ReloadAssembly
Native extension for WindowsStandalone target not found
Native extension for WebGL target not found
Refreshing native plugins compatible for Editor in 0.20 ms, found 0 plugins.
Preloading 0 native plugins for Editor in 0.00 ms.
Mono: successfully reloaded assembly
- Completed reload, in  0.845 seconds
Platform modules already initialized, skipping
Refreshing native plugins compatible for Editor in 0.23 ms, found 0 plugins.
Preloading 0 native plugins for Editor in 0.00 ms.
Unloading 1113 Unused Serialized files (Serialized files now loaded: 0)
System memory in use before: 60.6 MB.
System memory in use after: 60.7 MB.

Unloading 4 unused Assets to reduce memory usage. Loaded Objects now: 1703.
Total: 1.483700 ms (FindLiveObjects: 0.137900 ms CreateObjectMapping: 0.035800 ms MarkObjects: 1.295100 ms  DeleteObjects: 0.013400 ms)

========================================================================
Received Import Request.
  Time since last request: 117.387037 seconds.
  path: Assets/Materials/Green.mat
  artifactKey: Guid(ed6aacd307a86644885d1e639764177e) Importer(815301076,1909f56bfc062723c751e8b465ee728b)
Start importing Assets/Materials/Green.mat using Guid(ed6aacd307a86644885d1e639764177e) Importer(815301076,1909f56bfc062723c751e8b465ee728b)  -> (artifact id: '7a93124e8363c50f3bc2f9bfc9f22caa') in 0.068629 seconds
  Import took 0.070518 seconds .

========================================================================
Received Import Request.
  Time since last request: 1.211391 seconds.
  path: Assets/Scenes/SampleScene.unity
  artifactKey: Guid(9fc0d4010bbf28b4594072e72b8655ab) Importer(815301076,1909f56bfc062723c751e8b465ee728b)
Start importing Assets/Scenes/SampleScene.unity using Guid(9fc0d4010bbf28b4594072e72b8655ab) Importer(815301076,1909f56bfc062723c751e8b465ee728b)  -> (artifact id: '60f9cf35b537703965a70a2799d3e12d') in 0.008531 seconds
  Import took 0.010305 seconds .

========================================================================
Received Import Request.
  Time since last request: 7.787627 seconds.
  path: Assets/Prefabs/Ghost.prefab
  artifactKey: Guid(06e0db6bcabb4514fbde1ea83b5c88c2) Importer(815301076,1909f56bfc062723c751e8b465ee728b)
Start importing Assets/Prefabs/Ghost.prefab using Guid(06e0db6bcabb4514fbde1ea83b5c88c2) Importer(815301076,1909f56bfc062723c751e8b465ee728b)  -> (artifact id: '22992c9df99e76facea03408db6b886d') in 0.022165 seconds
  Import took 0.024129 seconds .

========================================================================
Received Prepare
Registering precompiled user dll's ...
Registered in 0.001240 seconds.
Begin MonoManager ReloadAssembly
Native extension for WindowsStandalone target not found
Native extension for WebGL target not found
Refreshing native plugins compatible for Editor in 0.20 ms, found 0 plugins.
Preloading 0 native plugins for Editor in 0.00 ms.
Mono: successfully reloaded assembly
- Completed reload, in  0.829 seconds
Platform modules already initialized, skipping
Refreshing native plugins compatible for Editor in 0.19 ms, found 0 plugins.
Preloading 0 native plugins for Editor in 0.00 ms.
Unloading 1113 Unused Serialized files (Serialized files now loaded: 0)
System memory in use before: 60.6 MB.
System memory in use after: 60.7 MB.

Unloading 5 unused Assets to reduce memory usage. Loaded Objects now: 1707.
Total: 1.634500 ms (FindLiveObjects: 0.129000 ms CreateObjectMapping: 0.031800 ms MarkObjects: 1.440400 ms  DeleteObjects: 0.032500 ms)

========================================================================
Received Import Request.
  Time since last request: 13.116210 seconds.
  path: Assets/Prefabs/Ghost.prefab
  artifactKey: Guid(06e0db6bcabb4514fbde1ea83b5c88c2) Importer(815301076,1909f56bfc062723c751e8b465ee728b)
Start importing Assets/Prefabs/Ghost.prefab using Guid(06e0db6bcabb4514fbde1ea83b5c88c2) Importer(815301076,1909f56bfc062723c751e8b465ee728b)  -> (artifact id: '0a31090ad153f5fc98b5329919b2f20f') in 0.049419 seconds
  Import took 0.051456 seconds .

========================================================================
Received Import Request.
  Time since last request: 1.904078 seconds.
  path: Assets/Prefabs/Ghost.prefab
  artifactKey: Guid(06e0db6bcabb4514fbde1ea83b5c88c2) Importer(815301076,1909f56bfc062723c751e8b465ee728b)
Start importing Assets/Prefabs/Ghost.prefab using Guid(06e0db6bcabb4514fbde1ea83b5c88c2) Importer(815301076,1909f56bfc062723c751e8b465ee728b)  -> (artifact id: '7e67c6edc675903bbc6a014e1729f45a') in 0.009816 seconds
  Import took 0.012187 seconds .

========================================================================
Received Prepare
Registering precompiled user dll's ...
Registered in 0.001821 seconds.
Begin MonoManager ReloadAssembly
Native extension for WindowsStandalone target not found
Native extension for WebGL target not found
Refreshing native plugins compatible for Editor in 0.19 ms, found 0 plugins.
Preloading 0 native plugins for Editor in 0.00 ms.
Mono: successfully reloaded assembly
- Completed reload, in  0.856 seconds
Platform modules already initialized, skipping
Refreshing native plugins compatible for Editor in 0.19 ms, found 0 plugins.
Preloading 0 native plugins for Editor in 0.00 ms.
Unloading 1113 Unused Serialized files (Serialized files now loaded: 0)
System memory in use before: 60.7 MB.
System memory in use after: 60.8 MB.

Unloading 5 unused Assets to reduce memory usage. Loaded Objects now: 1711.
Total: 1.569000 ms (FindLiveObjects: 0.127900 ms CreateObjectMapping: 0.032200 ms MarkObjects: 1.388400 ms  DeleteObjects: 0.019800 ms)

========================================================================
Received Import Request.
  Time since last request: 12.947544 seconds.
  path: Assets/Prefabs/Ghost.prefab
  artifactKey: Guid(06e0db6bcabb4514fbde1ea83b5c88c2) Importer(815301076,1909f56bfc062723c751e8b465ee728b)
Start importing Assets/Prefabs/Ghost.prefab using Guid(06e0db6bcabb4514fbde1ea83b5c88c2) Importer(815301076,1909f56bfc062723c751e8b465ee728b)  -> (artifact id: 'cfe98dce8b08feea8eeaa31c6e89b860') in 0.047721 seconds
  Import took 0.049735 seconds .

========================================================================
Received Import Request.
  Time since last request: 0.508970 seconds.
  path: Assets/Prefabs/Ghost.prefab
  artifactKey: Guid(06e0db6bcabb4514fbde1ea83b5c88c2) Importer(815301076,1909f56bfc062723c751e8b465ee728b)
Start importing Assets/Prefabs/Ghost.prefab using Guid(06e0db6bcabb4514fbde1ea83b5c88c2) Importer(815301076,1909f56bfc062723c751e8b465ee728b)  -> (artifact id: '4d064063993f0cd0feb0faf138f4c78e') in 0.009833 seconds
  Import took 0.011789 seconds .

========================================================================
Received Prepare
Registering precompiled user dll's ...
Registered in 0.003017 seconds.
Begin MonoManager ReloadAssembly
Native extension for WindowsStandalone target not found
Native extension for WebGL target not found
Refreshing native plugins compatible for Editor in 0.20 ms, found 0 plugins.
Preloading 0 native plugins for Editor in 0.00 ms.
Mono: successfully reloaded assembly
- Completed reload, in  1.019 seconds
Platform modules already initialized, skipping
Refreshing native plugins compatible for Editor in 0.22 ms, found 0 plugins.
Preloading 0 native plugins for Editor in 0.00 ms.
Unloading 1113 Unused Serialized files (Serialized files now loaded: 0)
System memory in use before: 60.7 MB.
System memory in use after: 60.8 MB.

Unloading 5 unused Assets to reduce memory usage. Loaded Objects now: 1715.
Total: 1.750800 ms (FindLiveObjects: 0.160200 ms CreateObjectMapping: 0.037800 ms MarkObjects: 1.530500 ms  DeleteObjects: 0.020900 ms)

========================================================================
Received Import Request.
  Time since last request: 105.810338 seconds.
  path: Assets/Prefabs/Person.prefab
  artifactKey: Guid(77b77f7cc3bdd4c46aa83ae93cb9fc56) Importer(815301076,1909f56bfc062723c751e8b465ee728b)
Start importing Assets/Prefabs/Person.prefab using Guid(77b77f7cc3bdd4c46aa83ae93cb9fc56) Importer(815301076,1909f56bfc062723c751e8b465ee728b)  -> (artifact id: '2dfcf2c50078d94cb9ceeb0fb7d5598c') in 0.059963 seconds
  Import took 0.062086 seconds .

========================================================================
Received Import Request.
  Time since last request: 6.702975 seconds.
  path: Assets/Prefabs/Person.prefab
  artifactKey: Guid(77b77f7cc3bdd4c46aa83ae93cb9fc56) Importer(815301076,1909f56bfc062723c751e8b465ee728b)
Start importing Assets/Prefabs/Person.prefab using Guid(77b77f7cc3bdd4c46aa83ae93cb9fc56) Importer(815301076,1909f56bfc062723c751e8b465ee728b)  -> (artifact id: '3a76413b02e42be970edcdb68ed85f9b') in 0.012177 seconds
  Import took 0.014789 seconds .

========================================================================
Received Import Request.
  Time since last request: 0.001503 seconds.
  path: Assets/Prefabs/Person.prefab
  artifactKey: Guid(77b77f7cc3bdd4c46aa83ae93cb9fc56) Importer(815301076,1909f56bfc062723c751e8b465ee728b)
Start importing Assets/Prefabs/Person.prefab using Guid(77b77f7cc3bdd4c46aa83ae93cb9fc56) Importer(815301076,1909f56bfc062723c751e8b465ee728b)  -> (artifact id: '3a76413b02e42be970edcdb68ed85f9b') in 0.007743 seconds
  Import took 0.010733 seconds .

========================================================================
Received Import Request.
  Time since last request: 2.856409 seconds.
  path: Assets/Prefabs/Person.prefab
  artifactKey: Guid(77b77f7cc3bdd4c46aa83ae93cb9fc56) Importer(815301076,1909f56bfc062723c751e8b465ee728b)
Start importing Assets/Prefabs/Person.prefab using Guid(77b77f7cc3bdd4c46aa83ae93cb9fc56) Importer(815301076,1909f56bfc062723c751e8b465ee728b)  -> (artifact id: '72970193a223501f2cd7909aab0fc352') in 0.008092 seconds
  Import took 0.011033 seconds .

========================================================================
Received Import Request.
  Time since last request: 124.746308 seconds.
  path: Assets/Prefabs/Person.prefab
  artifactKey: Guid(77b77f7cc3bdd4c46aa83ae93cb9fc56) Importer(815301076,1909f56bfc062723c751e8b465ee728b)
Start importing Assets/Prefabs/Person.prefab using Guid(77b77f7cc3bdd4c46aa83ae93cb9fc56) Importer(815301076,1909f56bfc062723c751e8b465ee728b)  -> (artifact id: '75e8b0061f6f7e08911223fe407d8f4d') in 0.011958 seconds
  Import took 0.013942 seconds .

========================================================================
Received Import Request.
  Time since last request: 0.002273 seconds.
  path: Assets/Prefabs/Person.prefab
  artifactKey: Guid(77b77f7cc3bdd4c46aa83ae93cb9fc56) Importer(815301076,1909f56bfc062723c751e8b465ee728b)
Start importing Assets/Prefabs/Person.prefab using Guid(77b77f7cc3bdd4c46aa83ae93cb9fc56) Importer(815301076,1909f56bfc062723c751e8b465ee728b)  -> (artifact id: '75e8b0061f6f7e08911223fe407d8f4d') in 0.008904 seconds
  Import took 0.010928 seconds .

========================================================================
Received Import Request.
  Time since last request: 67.826516 seconds.
  path: Assets/Prefabs/Person.prefab
  artifactKey: Guid(77b77f7cc3bdd4c46aa83ae93cb9fc56) Importer(815301076,1909f56bfc062723c751e8b465ee728b)
Start importing Assets/Prefabs/Person.prefab using Guid(77b77f7cc3bdd4c46aa83ae93cb9fc56) Importer(815301076,1909f56bfc062723c751e8b465ee728b)  -> (artifact id: '271ad62f2f54661f0855284f071a7d35') in 0.016011 seconds
  Import took 0.018585 seconds .

========================================================================
Received Import Request.
  Time since last request: 2.388450 seconds.
  path: Assets/Prefabs/Person.prefab
  artifactKey: Guid(77b77f7cc3bdd4c46aa83ae93cb9fc56) Importer(815301076,1909f56bfc062723c751e8b465ee728b)
Start importing Assets/Prefabs/Person.prefab using Guid(77b77f7cc3bdd4c46aa83ae93cb9fc56) Importer(815301076,1909f56bfc062723c751e8b465ee728b)  -> (artifact id: 'd70d8c710562f6e33113c402e88a7590') in 0.012455 seconds
  Import took 0.014576 seconds .

========================================================================
Received Import Request.
  Time since last request: 13.373334 seconds.
  path: Assets/Prefabs/Ghost.prefab
  artifactKey: Guid(06e0db6bcabb4514fbde1ea83b5c88c2) Importer(815301076,1909f56bfc062723c751e8b465ee728b)
Start importing Assets/Prefabs/Ghost.prefab using Guid(06e0db6bcabb4514fbde1ea83b5c88c2) Importer(815301076,1909f56bfc062723c751e8b465ee728b)  -> (artifact id: 'f9d6925d6311a304a3ba0b9faa11e206') in 0.015016 seconds
  Import took 0.017435 seconds .

========================================================================
Received Import Request.
  Time since last request: 6.236742 seconds.
  path: Assets/Prefabs/Ghost.prefab
  artifactKey: Guid(06e0db6bcabb4514fbde1ea83b5c88c2) Importer(815301076,1909f56bfc062723c751e8b465ee728b)
Start importing Assets/Prefabs/Ghost.prefab using Guid(06e0db6bcabb4514fbde1ea83b5c88c2) Importer(815301076,1909f56bfc062723c751e8b465ee728b)  -> (artifact id: '4c039cb9c3f7f8c763f781e55de43b55') in 0.009006 seconds
  Import took 0.012023 seconds .

========================================================================
Received Import Request.
  Time since last request: 9.920555 seconds.
  path: Assets/Prefabs/Ghost.prefab
  artifactKey: Guid(06e0db6bcabb4514fbde1ea83b5c88c2) Importer(815301076,1909f56bfc062723c751e8b465ee728b)
Start importing Assets/Prefabs/Ghost.prefab using Guid(06e0db6bcabb4514fbde1ea83b5c88c2) Importer(815301076,1909f56bfc062723c751e8b465ee728b)  -> (artifact id: 'ede492bf9dc7ef1b1a8f75e16825b3c4') in 0.012831 seconds
  Import took 0.014992 seconds .

========================================================================
Received Import Request.
  Time since last request: 5.869001 seconds.
  path: Assets/Prefabs/Ghost.prefab
  artifactKey: Guid(06e0db6bcabb4514fbde1ea83b5c88c2) Importer(815301076,1909f56bfc062723c751e8b465ee728b)
Start importing Assets/Prefabs/Ghost.prefab using Guid(06e0db6bcabb4514fbde1ea83b5c88c2) Importer(815301076,1909f56bfc062723c751e8b465ee728b)  -> (artifact id: 'f54d2683a6b21167e0e9f3783319dde0') in 0.012586 seconds
  Import took 0.014776 seconds .

========================================================================
Received Import Request.
  Time since last request: 5.823113 seconds.
  path: Assets/Prefabs/Ghost.prefab
  artifactKey: Guid(06e0db6bcabb4514fbde1ea83b5c88c2) Importer(815301076,1909f56bfc062723c751e8b465ee728b)
Start importing Assets/Prefabs/Ghost.prefab using Guid(06e0db6bcabb4514fbde1ea83b5c88c2) Importer(815301076,1909f56bfc062723c751e8b465ee728b)  -> (artifact id: '63e878aa52a1f413b0686a8ecbd1c2a4') in 0.014766 seconds
  Import took 0.016853 seconds .

========================================================================
Received Import Request.
  Time since last request: 1.400258 seconds.
  path: Assets/Prefabs/Ghost.prefab
  artifactKey: Guid(06e0db6bcabb4514fbde1ea83b5c88c2) Importer(815301076,1909f56bfc062723c751e8b465ee728b)
Start importing Assets/Prefabs/Ghost.prefab using Guid(06e0db6bcabb4514fbde1ea83b5c88c2) Importer(815301076,1909f56bfc062723c751e8b465ee728b)  -> (artifact id: '84e441b4bf5e6e3abc403293369f9807') in 0.011982 seconds
  Import took 0.014468 seconds .

========================================================================
Received Import Request.
  Time since last request: 2.005702 seconds.
  path: Assets/Prefabs/Ghost.prefab
  artifactKey: Guid(06e0db6bcabb4514fbde1ea83b5c88c2) Importer(815301076,1909f56bfc062723c751e8b465ee728b)
Start importing Assets/Prefabs/Ghost.prefab using Guid(06e0db6bcabb4514fbde1ea83b5c88c2) Importer(815301076,1909f56bfc062723c751e8b465ee728b)  -> (artifact id: 'c050c298285681148598f8608f1a7d35') in 0.010802 seconds
  Import took 0.012869 seconds .

========================================================================
Received Import Request.
  Time since last request: 1.396976 seconds.
  path: Assets/Prefabs/Ghost.prefab
  artifactKey: Guid(06e0db6bcabb4514fbde1ea83b5c88c2) Importer(815301076,1909f56bfc062723c751e8b465ee728b)
Start importing Assets/Prefabs/Ghost.prefab using Guid(06e0db6bcabb4514fbde1ea83b5c88c2) Importer(815301076,1909f56bfc062723c751e8b465ee728b)  -> (artifact id: '09361540fb14500cebf7b96b84f903f3') in 0.060459 seconds
  Import took 0.063035 seconds .

========================================================================
Received Import Request.
  Time since last request: 1.344457 seconds.
  path: Assets/Prefabs/Ghost.prefab
  artifactKey: Guid(06e0db6bcabb4514fbde1ea83b5c88c2) Importer(815301076,1909f56bfc062723c751e8b465ee728b)
Start importing Assets/Prefabs/Ghost.prefab using Guid(06e0db6bcabb4514fbde1ea83b5c88c2) Importer(815301076,1909f56bfc062723c751e8b465ee728b)  -> (artifact id: '9090136a3f523e126cad01801c07a1df') in 0.011038 seconds
  Import took 0.012950 seconds .

========================================================================
Received Prepare
Registering precompiled user dll's ...
Registered in 0.001148 seconds.
Begin MonoManager ReloadAssembly
Native extension for WindowsStandalone target not found
Native extension for WebGL target not found
Refreshing native plugins compatible for Editor in 0.20 ms, found 0 plugins.
Preloading 0 native plugins for Editor in 0.00 ms.
Mono: successfully reloaded assembly
- Completed reload, in  0.870 seconds
Platform modules already initialized, skipping
Refreshing native plugins compatible for Editor in 0.19 ms, found 0 plugins.
Preloading 0 native plugins for Editor in 0.00 ms.
Unloading 1114 Unused Serialized files (Serialized files now loaded: 0)
System memory in use before: 60.7 MB.
System memory in use after: 60.8 MB.

Unloading 5 unused Assets to reduce memory usage. Loaded Objects now: 1721.
Total: 1.471700 ms (FindLiveObjects: 0.133400 ms CreateObjectMapping: 0.032500 ms MarkObjects: 1.288200 ms  DeleteObjects: 0.016500 ms)

========================================================================
Received Import Request.
  Time since last request: 55.173889 seconds.
  path: Assets/Prefabs/Ghost.prefab
  artifactKey: Guid(06e0db6bcabb4514fbde1ea83b5c88c2) Importer(815301076,1909f56bfc062723c751e8b465ee728b)
Start importing Assets/Prefabs/Ghost.prefab using Guid(06e0db6bcabb4514fbde1ea83b5c88c2) Importer(815301076,1909f56bfc062723c751e8b465ee728b)  -> (artifact id: '5d0dec5c07aa709171c0786083d53135') in 0.049557 seconds
  Import took 0.051606 seconds .

========================================================================
Received Prepare
Registering precompiled user dll's ...
Registered in 0.001219 seconds.
Begin MonoManager ReloadAssembly
Native extension for WindowsStandalone target not found
Native extension for WebGL target not found
Refreshing native plugins compatible for Editor in 0.19 ms, found 0 plugins.
Preloading 0 native plugins for Editor in 0.00 ms.
Mono: successfully reloaded assembly
- Completed reload, in  0.806 seconds
Platform modules already initialized, skipping
Refreshing native plugins compatible for Editor in 0.20 ms, found 0 plugins.
Preloading 0 native plugins for Editor in 0.00 ms.
Unloading 1114 Unused Serialized files (Serialized files now loaded: 0)
System memory in use before: 60.7 MB.
System memory in use after: 60.8 MB.

Unloading 5 unused Assets to reduce memory usage. Loaded Objects now: 1725.
Total: 1.569000 ms (FindLiveObjects: 0.131400 ms CreateObjectMapping: 0.031800 ms MarkObjects: 1.388000 ms  DeleteObjects: 0.016800 ms)

========================================================================
Received Prepare
Registering precompiled user dll's ...
Registered in 0.001169 seconds.
Begin MonoManager ReloadAssembly
Native extension for WindowsStandalone target not found
Native extension for WebGL target not found
Refreshing native plugins compatible for Editor in 0.32 ms, found 0 plugins.
Preloading 0 native plugins for Editor in 0.00 ms.
Mono: successfully reloaded assembly
- Completed reload, in  0.873 seconds
Platform modules already initialized, skipping
Refreshing native plugins compatible for Editor in 0.19 ms, found 0 plugins.
Preloading 0 native plugins for Editor in 0.00 ms.
Unloading 1114 Unused Serialized files (Serialized files now loaded: 0)
System memory in use before: 60.7 MB.
System memory in use after: 60.8 MB.

Unloading 4 unused Assets to reduce memory usage. Loaded Objects now: 1728.
Total: 1.855100 ms (FindLiveObjects: 0.157500 ms CreateObjectMapping: 0.043600 ms MarkObjects: 1.636700 ms  DeleteObjects: 0.016200 ms)

========================================================================
Received Import Request.
  Time since last request: 246.211463 seconds.
  path: ProjectSettings/TagManager.asset
  artifactKey: Guid(00000000000000003000000000000000) Importer(815301076,1909f56bfc062723c751e8b465ee728b)
Start importing ProjectSettings/TagManager.asset using Guid(00000000000000003000000000000000) Importer(815301076,1909f56bfc062723c751e8b465ee728b)  -> (artifact id: '0cf9088148c8a3cbd29f9a356fcbb966') in 0.016177 seconds
  Import took 0.018122 seconds .

========================================================================
Received Import Request.
  Time since last request: 0.018433 seconds.
  path: ProjectSettings/TagManager.asset
  artifactKey: Guid(00000000000000003000000000000000) Importer(815301076,1909f56bfc062723c751e8b465ee728b)
Start importing ProjectSettings/TagManager.asset using Guid(00000000000000003000000000000000) Importer(815301076,1909f56bfc062723c751e8b465ee728b)  -> (artifact id: '0cf9088148c8a3cbd29f9a356fcbb966') in 0.003802 seconds
  Import took 0.006351 seconds .

========================================================================
Received Prepare
Registering precompiled user dll's ...
Registered in 0.001095 seconds.
Begin MonoManager ReloadAssembly
Native extension for WindowsStandalone target not found
Native extension for WebGL target not found
Refreshing native plugins compatible for Editor in 0.19 ms, found 0 plugins.
Preloading 0 native plugins for Editor in 0.00 ms.
Mono: successfully reloaded assembly
- Completed reload, in  0.777 seconds
Platform modules already initialized, skipping
Refreshing native plugins compatible for Editor in 0.19 ms, found 0 plugins.
Preloading 0 native plugins for Editor in 0.00 ms.
Unloading 1114 Unused Serialized files (Serialized files now loaded: 0)
System memory in use before: 60.7 MB.
System memory in use after: 60.8 MB.

Unloading 6 unused Assets to reduce memory usage. Loaded Objects now: 1731.
Total: 1.719700 ms (FindLiveObjects: 0.138700 ms CreateObjectMapping: 0.032900 ms MarkObjects: 1.532000 ms  DeleteObjects: 0.015000 ms)

========================================================================
Received Prepare
Registering precompiled user dll's ...
Registered in 0.001096 seconds.
Begin MonoManager ReloadAssembly
Native extension for WindowsStandalone target not found
Native extension for WebGL target not found
Refreshing native plugins compatible for Editor in 0.19 ms, found 0 plugins.
Preloading 0 native plugins for Editor in 0.00 ms.
Mono: successfully reloaded assembly
- Completed reload, in  0.773 seconds
Platform modules already initialized, skipping
Refreshing native plugins compatible for Editor in 0.19 ms, found 0 plugins.
Preloading 0 native plugins for Editor in 0.00 ms.
Unloading 1114 Unused Serialized files (Serialized files now loaded: 0)
System memory in use before: 60.7 MB.
System memory in use after: 60.8 MB.

Unloading 4 unused Assets to reduce memory usage. Loaded Objects now: 1734.
Total: 1.597400 ms (FindLiveObjects: 0.157400 ms CreateObjectMapping: 0.039900 ms MarkObjects: 1.384800 ms  DeleteObjects: 0.014300 ms)

========================================================================
Received Import Request.
  Time since last request: 322.794182 seconds.
  path: Assets/Prefabs/Ghost.prefab
  artifactKey: Guid(06e0db6bcabb4514fbde1ea83b5c88c2) Importer(815301076,1909f56bfc062723c751e8b465ee728b)
Start importing Assets/Prefabs/Ghost.prefab using Guid(06e0db6bcabb4514fbde1ea83b5c88c2) Importer(815301076,1909f56bfc062723c751e8b465ee728b)  -> (artifact id: '38a44ac8b2b459867cdb108910151c26') in 0.052132 seconds
  Import took 0.054103 seconds .

========================================================================
Received Import Request.
  Time since last request: 1.656997 seconds.
  path: Assets/Prefabs/Ghost.prefab
  artifactKey: Guid(06e0db6bcabb4514fbde1ea83b5c88c2) Importer(815301076,1909f56bfc062723c751e8b465ee728b)
Start importing Assets/Prefabs/Ghost.prefab using Guid(06e0db6bcabb4514fbde1ea83b5c88c2) Importer(815301076,1909f56bfc062723c751e8b465ee728b)  -> (artifact id: '38a44ac8b2b459867cdb108910151c26') in 0.007890 seconds
  Import took 0.009676 seconds .

========================================================================
Received Prepare
Registering precompiled user dll's ...
Registered in 0.001179 seconds.
Begin MonoManager ReloadAssembly
Native extension for WindowsStandalone target not found
Native extension for WebGL target not found
Refreshing native plugins compatible for Editor in 0.23 ms, found 0 plugins.
Preloading 0 native plugins for Editor in 0.00 ms.
Mono: successfully reloaded assembly
- Completed reload, in  0.820 seconds
Platform modules already initialized, skipping
Refreshing native plugins compatible for Editor in 0.19 ms, found 0 plugins.
Preloading 0 native plugins for Editor in 0.00 ms.
Unloading 1114 Unused Serialized files (Serialized files now loaded: 0)
System memory in use before: 60.8 MB.
System memory in use after: 60.9 MB.

Unloading 5 unused Assets to reduce memory usage. Loaded Objects now: 1738.
Total: 1.766700 ms (FindLiveObjects: 0.156400 ms CreateObjectMapping: 0.037200 ms MarkObjects: 1.553500 ms  DeleteObjects: 0.018200 ms)

========================================================================
Received Import Request.
  Time since last request: 769.202354 seconds.
  path: Assets/_Scripts/PlayerInput.cs
  artifactKey: Guid(9d2c1721082ddb24ab06b5b33f0d3a7c) Importer(815301076,1909f56bfc062723c751e8b465ee728b)
Start importing Assets/_Scripts/PlayerInput.cs using Guid(9d2c1721082ddb24ab06b5b33f0d3a7c) Importer(815301076,1909f56bfc062723c751e8b465ee728b)  -> (artifact id: 'c7b7be857ceeb19da091fe80c864aa87') in 0.004388 seconds
  Import took 0.006250 seconds .

========================================================================
Received Import Request.
  Time since last request: 0.001089 seconds.
  path: Assets/_Scripts/PlayerInput.cs
  artifactKey: Guid(9d2c1721082ddb24ab06b5b33f0d3a7c) Importer(815301076,1909f56bfc062723c751e8b465ee728b)
Start importing Assets/_Scripts/PlayerInput.cs using Guid(9d2c1721082ddb24ab06b5b33f0d3a7c) Importer(815301076,1909f56bfc062723c751e8b465ee728b)  -> (artifact id: 'c7b7be857ceeb19da091fe80c864aa87') in 0.003412 seconds
  Import took 0.005348 seconds .

========================================================================
Received Prepare
Registering precompiled user dll's ...
Registered in 0.001099 seconds.
Begin MonoManager ReloadAssembly
Native extension for WindowsStandalone target not found
Native extension for WebGL target not found
Refreshing native plugins compatible for Editor in 0.21 ms, found 0 plugins.
Preloading 0 native plugins for Editor in 0.00 ms.
Mono: successfully reloaded assembly
- Completed reload, in  0.800 seconds
Platform modules already initialized, skipping
Refreshing native plugins compatible for Editor in 0.19 ms, found 0 plugins.
Preloading 0 native plugins for Editor in 0.00 ms.
Unloading 1114 Unused Serialized files (Serialized files now loaded: 0)
System memory in use before: 60.8 MB.
System memory in use after: 60.9 MB.

Unloading 4 unused Assets to reduce memory usage. Loaded Objects now: 1741.
Total: 1.472100 ms (FindLiveObjects: 0.158900 ms CreateObjectMapping: 0.038400 ms MarkObjects: 1.260300 ms  DeleteObjects: 0.013400 ms)

========================================================================
Received Import Request.
  Time since last request: 137.290937 seconds.
  path: Assets/Prefabs/Ghost.prefab
  artifactKey: Guid(06e0db6bcabb4514fbde1ea83b5c88c2) Importer(815301076,1909f56bfc062723c751e8b465ee728b)
Start importing Assets/Prefabs/Ghost.prefab using Guid(06e0db6bcabb4514fbde1ea83b5c88c2) Importer(815301076,1909f56bfc062723c751e8b465ee728b)  -> (artifact id: 'de3f59d51ab0e6f0177d2f13f852510f') in 0.053477 seconds
  Import took 0.055257 seconds .

========================================================================
Received Prepare
Registering precompiled user dll's ...
Registered in 0.001163 seconds.
Begin MonoManager ReloadAssembly
Native extension for WindowsStandalone target not found
Native extension for WebGL target not found
Refreshing native plugins compatible for Editor in 0.19 ms, found 0 plugins.
Preloading 0 native plugins for Editor in 0.00 ms.
Mono: successfully reloaded assembly
- Completed reload, in  0.826 seconds
Platform modules already initialized, skipping
Refreshing native plugins compatible for Editor in 0.34 ms, found 0 plugins.
Preloading 0 native plugins for Editor in 0.00 ms.
Unloading 1114 Unused Serialized files (Serialized files now loaded: 0)
System memory in use before: 60.8 MB.
System memory in use after: 60.9 MB.

Unloading 5 unused Assets to reduce memory usage. Loaded Objects now: 1745.
Total: 1.568900 ms (FindLiveObjects: 0.144400 ms CreateObjectMapping: 0.034300 ms MarkObjects: 1.362700 ms  DeleteObjects: 0.016800 ms)

========================================================================
Received Import Request.
  Time since last request: 45.851028 seconds.
  path: Assets/Prefabs/Person.prefab
  artifactKey: Guid(77b77f7cc3bdd4c46aa83ae93cb9fc56) Importer(815301076,1909f56bfc062723c751e8b465ee728b)
Start importing Assets/Prefabs/Person.prefab using Guid(77b77f7cc3bdd4c46aa83ae93cb9fc56) Importer(815301076,1909f56bfc062723c751e8b465ee728b)  -> (artifact id: 'b0315352717bc82afa640242d271abc7') in 0.047844 seconds
  Import took 0.049699 seconds .

========================================================================
Received Prepare
Registering precompiled user dll's ...
Registered in 0.001256 seconds.
Begin MonoManager ReloadAssembly
Native extension for WindowsStandalone target not found
Native extension for WebGL target not found
Refreshing native plugins compatible for Editor in 0.20 ms, found 0 plugins.
Preloading 0 native plugins for Editor in 0.00 ms.
Mono: successfully reloaded assembly
- Completed reload, in  0.805 seconds
Platform modules already initialized, skipping
Refreshing native plugins compatible for Editor in 0.24 ms, found 0 plugins.
Preloading 0 native plugins for Editor in 0.00 ms.
Unloading 1114 Unused Serialized files (Serialized files now loaded: 0)
System memory in use before: 60.8 MB.
System memory in use after: 60.9 MB.

Unloading 4 unused Assets to reduce memory usage. Loaded Objects now: 1749.
Total: 1.751200 ms (FindLiveObjects: 0.164500 ms CreateObjectMapping: 0.033100 ms MarkObjects: 1.539200 ms  DeleteObjects: 0.013200 ms)

========================================================================
Received Import Request.
  Time since last request: 69.228150 seconds.
  path: Assets/Prefabs/Person.prefab
  artifactKey: Guid(77b77f7cc3bdd4c46aa83ae93cb9fc56) Importer(815301076,1909f56bfc062723c751e8b465ee728b)
Start importing Assets/Prefabs/Person.prefab using Guid(77b77f7cc3bdd4c46aa83ae93cb9fc56) Importer(815301076,1909f56bfc062723c751e8b465ee728b)  -> (artifact id: '53709a565151a1436db6d4b40aea8544') in 0.072959 seconds
  Import took 0.075787 seconds .

========================================================================
Received Prepare
Registering precompiled user dll's ...
Registered in 0.001285 seconds.
Begin MonoManager ReloadAssembly
Native extension for WindowsStandalone target not found
Native extension for WebGL target not found
Refreshing native plugins compatible for Editor in 0.27 ms, found 0 plugins.
Preloading 0 native plugins for Editor in 0.00 ms.
Mono: successfully reloaded assembly
- Completed reload, in  0.827 seconds
Platform modules already initialized, skipping
Refreshing native plugins compatible for Editor in 0.21 ms, found 0 plugins.
Preloading 0 native plugins for Editor in 0.00 ms.
Unloading 1114 Unused Serialized files (Serialized files now loaded: 0)
System memory in use before: 60.8 MB.
System memory in use after: 60.9 MB.

Unloading 4 unused Assets to reduce memory usage. Loaded Objects now: 1753.
Total: 1.508300 ms (FindLiveObjects: 0.162800 ms CreateObjectMapping: 0.035600 ms MarkObjects: 1.295900 ms  DeleteObjects: 0.013000 ms)

========================================================================
Received Prepare
Registering precompiled user dll's ...
Registered in 0.001096 seconds.
Begin MonoManager ReloadAssembly
Native extension for WindowsStandalone target not found
Native extension for WebGL target not found
Refreshing native plugins compatible for Editor in 0.21 ms, found 0 plugins.
Preloading 0 native plugins for Editor in 0.00 ms.
Mono: successfully reloaded assembly
- Completed reload, in  0.845 seconds
Platform modules already initialized, skipping
Refreshing native plugins compatible for Editor in 0.19 ms, found 0 plugins.
Preloading 0 native plugins for Editor in 0.00 ms.
Unloading 1114 Unused Serialized files (Serialized files now loaded: 0)
System memory in use before: 60.8 MB.
System memory in use after: 60.9 MB.

Unloading 4 unused Assets to reduce memory usage. Loaded Objects now: 1756.
Total: 1.547900 ms (FindLiveObjects: 0.148300 ms CreateObjectMapping: 0.042100 ms MarkObjects: 1.344300 ms  DeleteObjects: 0.012400 ms)

========================================================================
Received Prepare
Registering precompiled user dll's ...
Registered in 0.001115 seconds.
Begin MonoManager ReloadAssembly
Native extension for WindowsStandalone target not found
Native extension for WebGL target not found
Refreshing native plugins compatible for Editor in 0.20 ms, found 0 plugins.
Preloading 0 native plugins for Editor in 0.00 ms.
Mono: successfully reloaded assembly
- Completed reload, in  0.778 seconds
Platform modules already initialized, skipping
Refreshing native plugins compatible for Editor in 0.19 ms, found 0 plugins.
Preloading 0 native plugins for Editor in 0.00 ms.
Unloading 1114 Unused Serialized files (Serialized files now loaded: 0)
System memory in use before: 60.8 MB.
System memory in use after: 60.9 MB.

Unloading 4 unused Assets to reduce memory usage. Loaded Objects now: 1759.
Total: 1.717600 ms (FindLiveObjects: 0.130800 ms CreateObjectMapping: 0.032900 ms MarkObjects: 1.538200 ms  DeleteObjects: 0.014400 ms)

========================================================================
Received Prepare
Registering precompiled user dll's ...
Registered in 0.001041 seconds.
Begin MonoManager ReloadAssembly
Native extension for WindowsStandalone target not found
Native extension for WebGL target not found
Refreshing native plugins compatible for Editor in 0.19 ms, found 0 plugins.
Preloading 0 native plugins for Editor in 0.00 ms.
Mono: successfully reloaded assembly
- Completed reload, in  0.765 seconds
Platform modules already initialized, skipping
Refreshing native plugins compatible for Editor in 0.20 ms, found 0 plugins.
Preloading 0 native plugins for Editor in 0.00 ms.
Unloading 1114 Unused Serialized files (Serialized files now loaded: 0)
System memory in use before: 60.8 MB.
System memory in use after: 60.9 MB.

Unloading 4 unused Assets to reduce memory usage. Loaded Objects now: 1762.
Total: 1.615300 ms (FindLiveObjects: 0.142400 ms CreateObjectMapping: 0.036700 ms MarkObjects: 1.422100 ms  DeleteObjects: 0.013100 ms)

AssetImportWorkerClient::OnTransportError - code=2 error=End of file
